<?xml version="1.0" encoding="utf-8"?><testsuites name="pytest tests"><testsuite name="pytest" errors="0" failures="1" skipped="0" tests="20" time="1.360" timestamp="2026-06-18T16:41:40.151383+00:00" hostname="agent-env-c582f7c6-7a8c-41e0-83c4-b83ee53dfe0b"><testcase classname="backend.tests.test_growshop_api.TestHealth" name="test_root" time="0.171" /><testcase classname="backend.tests.test_growshop_api.TestHealth" name="test_categories_returns_7" time="0.047" /><testcase classname="backend.tests.test_growshop_api.TestProducts" name="test_list_all" time="0.045" /><testcase classname="backend.tests.test_growshop_api.TestProducts" name="test_filter_by_category" time="0.046" /><testcase classname="backend.tests.test_growshop_api.TestProducts" name="test_search_q" time="0.045" /><testcase classname="backend.tests.test_growshop_api.TestProducts" name="test_featured_filter" time="0.046" /><testcase classname="backend.tests.test_growshop_api.TestProducts" name="test_get_by_slug" time="0.099" /><testcase classname="backend.tests.test_growshop_api.TestProducts" name="test_get_unknown_slug_404" time="0.048" /><testcase classname="backend.tests.test_growshop_api.TestOrders" name="test_checkout_demo_creates_order" time="0.105" /><testcase classname="backend.tests.test_growshop_api.TestOrders" name="test_checkout_empty_cart_400" time="0.043" /><testcase classname="backend.tests.test_growshop_api.TestOrders" name="test_get_unknown_order_404" time="0.043" /><testcase classname="backend.tests.test_growshop_api.TestReprocann" name="test_submit_ok" time="0.059" /><testcase classname="backend.tests.test_growshop_api.TestReprocann" name="test_submit_missing_fields_422" time="0.046" /><testcase classname="backend.tests.test_growshop_api.TestAdmin" name="test_login_invalid" time="0.045" /><testcase classname="backend.tests.test_growshop_api.TestAdmin" name="test_orders_requires_token" time="0.045" /><testcase classname="backend.tests.test_growshop_api.TestAdmin" name="test_orders_with_token" time="0.088" /><testcase classname="backend.tests.test_growshop_api.TestAdmin" name="test_reprocann_list_with_token" time="0.045" /><testcase classname="backend.tests.test_growshop_api.TestAdmin" name="test_product_crud_lifecycle" time="0.047"><failure message="AssertionError: Internal Server Error&#10;assert 500 == 200&#10; +  where 500 = &lt;Response [500]&gt;.status_code">backend/tests/test_growshop_api.py:203: in test_product_crud_lifecycle
    assert r.status_code == 200, r.text
E   AssertionError: Internal Server Error
E   assert 500 == 200
E    +  where 500 = &lt;Response [500]&gt;.status_code</failure></testcase><testcase classname="backend.tests.test_growshop_api.TestAdmin" name="test_create_product_without_token_401" time="0.044" /><testcase classname="backend.tests.test_growshop_api.TestAuth" name="test_me_no_cookie_returns_401" time="0.105" /></testsuite></testsuites>